2025-10-09 12:59:45 [ERROR]: uncaughtException: youthController is not defined
ReferenceError: youthController is not defined
    at Object.<anonymous> (C:\Users\DELL\OneDrive\Documents\CAPSTONE PROJECT\src\routes\api.js:84:39)
    at Module._compile (node:internal/modules/cjs/loader:1688:14)
    at Object..js (node:internal/modules/cjs/loader:1820:10)
    at Module.load (node:internal/modules/cjs/loader:1423:32)
    at Function._load (node:internal/modules/cjs/loader:1246:12)
    at TracingChannel.traceSync (node:diagnostics_channel:322:14)
    at wrapModuleLoad (node:internal/modules/cjs/loader:235:24)
    at Module.require (node:internal/modules/cjs/loader:1445:12)
    at require (node:internal/modules/helpers:135:16)
    at Object.<anonymous> (C:\Users\DELL\OneDrive\Documents\CAPSTONE PROJECT\src\config\app.js:26:19) | Metadata: {"error":{},"stack":"ReferenceError: youthController is not defined\n    at Object.<anonymous> (C:\\Users\\DELL\\OneDrive\\Documents\\CAPSTONE PROJECT\\src\\routes\\api.js:84:39)\n    at Module._compile (node:internal/modules/cjs/loader:1688:14)\n    at Object..js (node:internal/modules/cjs/loader:1820:10)\n    at Module.load (node:internal/modules/cjs/loader:1423:32)\n    at Function._load (node:internal/modules/cjs/loader:1246:12)\n    at TracingChannel.traceSync (node:diagnostics_channel:322:14)\n    at wrapModuleLoad (node:internal/modules/cjs/loader:235:24)\n    at Module.require (node:internal/modules/cjs/loader:1445:12)\n    at require (node:internal/modules/helpers:135:16)\n    at Object.<anonymous> (C:\\Users\\DELL\\OneDrive\\Documents\\CAPSTONE PROJECT\\src\\config\\app.js:26:19)","exception":true,"date":"Thu Oct 09 2025 12:59:45 GMT+0100 (West Africa Standard Time)","process":{"pid":76416,"uid":null,"gid":null,"cwd":"C:\\Users\\DELL\\OneDrive\\Documents\\CAPSTONE PROJECT","execPath":"C:\\Program Files\\nodejs\\node.exe","version":"v22.18.0","argv":["C:\\Program Files\\nodejs\\node.exe","C:\\Users\\DELL\\OneDrive\\Documents\\CAPSTONE PROJECT\\src\\server.js"],"memoryUsage":{"rss":85946368,"heapTotal":59826176,"heapUsed":39607360,"external":20550978,"arrayBuffers":18264304}},"os":{"loadavg":[0,0,0],"uptime":213473.421},"trace":[{"column":39,"file":"C:\\Users\\DELL\\OneDrive\\Documents\\CAPSTONE PROJECT\\src\\routes\\api.js","function":null,"line":84,"method":null,"native":false},{"column":14,"file":"node:internal/modules/cjs/loader","function":"Module._compile","line":1688,"method":"_compile","native":false},{"column":10,"file":"node:internal/modules/cjs/loader","function":"Object..js","line":1820,"method":".js","native":false},{"column":32,"file":"node:internal/modules/cjs/loader","function":"Module.load","line":1423,"method":"load","native":false},{"column":12,"file":"node:internal/modules/cjs/loader","function":"Function._load","line":1246,"method":"_load","native":false},{"column":14,"file":"node:diagnostics_channel","function":"TracingChannel.traceSync","line":322,"method":"traceSync","native":false},{"column":24,"file":"node:internal/modules/cjs/loader","function":"wrapModuleLoad","line":235,"method":null,"native":false},{"column":12,"file":"node:internal/modules/cjs/loader","function":"Module.require","line":1445,"method":"require","native":false},{"column":16,"file":"node:internal/modules/helpers","function":"require","line":135,"method":null,"native":false},{"column":19,"file":"C:\\Users\\DELL\\OneDrive\\Documents\\CAPSTONE PROJECT\\src\\config\\app.js","function":null,"line":26,"method":null,"native":false}]}
2025-10-09 13:03:49 [ERROR]: uncaughtException: youthController is not defined
ReferenceError: youthController is not defined
    at Object.<anonymous> (C:\Users\DELL\OneDrive\Documents\CAPSTONE PROJECT\src\routes\api.js:84:39)
    at Module._compile (node:internal/modules/cjs/loader:1688:14)
    at Object..js (node:internal/modules/cjs/loader:1820:10)
    at Module.load (node:internal/modules/cjs/loader:1423:32)
    at Function._load (node:internal/modules/cjs/loader:1246:12)
    at TracingChannel.traceSync (node:diagnostics_channel:322:14)
    at wrapModuleLoad (node:internal/modules/cjs/loader:235:24)
    at Module.require (node:internal/modules/cjs/loader:1445:12)
    at require (node:internal/modules/helpers:135:16)
    at Object.<anonymous> (C:\Users\DELL\OneDrive\Documents\CAPSTONE PROJECT\src\config\app.js:26:19) | Metadata: {"error":{},"stack":"ReferenceError: youthController is not defined\n    at Object.<anonymous> (C:\\Users\\DELL\\OneDrive\\Documents\\CAPSTONE PROJECT\\src\\routes\\api.js:84:39)\n    at Module._compile (node:internal/modules/cjs/loader:1688:14)\n    at Object..js (node:internal/modules/cjs/loader:1820:10)\n    at Module.load (node:internal/modules/cjs/loader:1423:32)\n    at Function._load (node:internal/modules/cjs/loader:1246:12)\n    at TracingChannel.traceSync (node:diagnostics_channel:322:14)\n    at wrapModuleLoad (node:internal/modules/cjs/loader:235:24)\n    at Module.require (node:internal/modules/cjs/loader:1445:12)\n    at require (node:internal/modules/helpers:135:16)\n    at Object.<anonymous> (C:\\Users\\DELL\\OneDrive\\Documents\\CAPSTONE PROJECT\\src\\config\\app.js:26:19)","exception":true,"date":"Thu Oct 09 2025 13:03:49 GMT+0100 (West Africa Standard Time)","process":{"pid":72324,"uid":null,"gid":null,"cwd":"C:\\Users\\DELL\\OneDrive\\Documents\\CAPSTONE PROJECT","execPath":"C:\\Program Files\\nodejs\\node.exe","version":"v22.18.0","argv":["C:\\Program Files\\nodejs\\node.exe","C:\\Users\\DELL\\OneDrive\\Documents\\CAPSTONE PROJECT\\src\\server.js"],"memoryUsage":{"rss":86347776,"heapTotal":59826176,"heapUsed":39986688,"external":20550978,"arrayBuffers":18264304}},"os":{"loadavg":[0,0,0],"uptime":213716.984},"trace":[{"column":39,"file":"C:\\Users\\DELL\\OneDrive\\Documents\\CAPSTONE PROJECT\\src\\routes\\api.js","function":null,"line":84,"method":null,"native":false},{"column":14,"file":"node:internal/modules/cjs/loader","function":"Module._compile","line":1688,"method":"_compile","native":false},{"column":10,"file":"node:internal/modules/cjs/loader","function":"Object..js","line":1820,"method":".js","native":false},{"column":32,"file":"node:internal/modules/cjs/loader","function":"Module.load","line":1423,"method":"load","native":false},{"column":12,"file":"node:internal/modules/cjs/loader","function":"Function._load","line":1246,"method":"_load","native":false},{"column":14,"file":"node:diagnostics_channel","function":"TracingChannel.traceSync","line":322,"method":"traceSync","native":false},{"column":24,"file":"node:internal/modules/cjs/loader","function":"wrapModuleLoad","line":235,"method":null,"native":false},{"column":12,"file":"node:internal/modules/cjs/loader","function":"Module.require","line":1445,"method":"require","native":false},{"column":16,"file":"node:internal/modules/helpers","function":"require","line":135,"method":null,"native":false},{"column":19,"file":"C:\\Users\\DELL\\OneDrive\\Documents\\CAPSTONE PROJECT\\src\\config\\app.js","function":null,"line":26,"method":null,"native":false}]}
2025-10-13 13:05:15 [ERROR]: uncaughtException: youthController is not defined
ReferenceError: youthController is not defined
    at Object.<anonymous> (C:\Users\DELL\OneDrive\Documents\CAPSTONE PROJECT\src\routes\api.js:84:39)
    at Module._compile (node:internal/modules/cjs/loader:1688:14)
    at Object..js (node:internal/modules/cjs/loader:1820:10)
    at Module.load (node:internal/modules/cjs/loader:1423:32)
    at Function._load (node:internal/modules/cjs/loader:1246:12)
    at TracingChannel.traceSync (node:diagnostics_channel:322:14)
    at wrapModuleLoad (node:internal/modules/cjs/loader:235:24)
    at Module.require (node:internal/modules/cjs/loader:1445:12)
    at require (node:internal/modules/helpers:135:16)
    at Object.<anonymous> (C:\Users\DELL\OneDrive\Documents\CAPSTONE PROJECT\src\config\app.js:26:19) | Metadata: {"error":{},"stack":"ReferenceError: youthController is not defined\n    at Object.<anonymous> (C:\\Users\\DELL\\OneDrive\\Documents\\CAPSTONE PROJECT\\src\\routes\\api.js:84:39)\n    at Module._compile (node:internal/modules/cjs/loader:1688:14)\n    at Object..js (node:internal/modules/cjs/loader:1820:10)\n    at Module.load (node:internal/modules/cjs/loader:1423:32)\n    at Function._load (node:internal/modules/cjs/loader:1246:12)\n    at TracingChannel.traceSync (node:diagnostics_channel:322:14)\n    at wrapModuleLoad (node:internal/modules/cjs/loader:235:24)\n    at Module.require (node:internal/modules/cjs/loader:1445:12)\n    at require (node:internal/modules/helpers:135:16)\n    at Object.<anonymous> (C:\\Users\\DELL\\OneDrive\\Documents\\CAPSTONE PROJECT\\src\\config\\app.js:26:19)","exception":true,"date":"Mon Oct 13 2025 13:05:15 GMT+0100 (West Africa Standard Time)","process":{"pid":76636,"uid":null,"gid":null,"cwd":"C:\\Users\\DELL\\OneDrive\\Documents\\CAPSTONE PROJECT","execPath":"C:\\Program Files\\nodejs\\node.exe","version":"v22.18.0","argv":["C:\\Program Files\\nodejs\\node.exe","C:\\Users\\DELL\\OneDrive\\Documents\\CAPSTONE PROJECT\\src\\server.js"],"memoryUsage":{"rss":88014848,"heapTotal":59826176,"heapUsed":39967096,"external":20550978,"arrayBuffers":18264304}},"os":{"loadavg":[0,0,0],"uptime":559406.796},"trace":[{"column":39,"file":"C:\\Users\\DELL\\OneDrive\\Documents\\CAPSTONE PROJECT\\src\\routes\\api.js","function":null,"line":84,"method":null,"native":false},{"column":14,"file":"node:internal/modules/cjs/loader","function":"Module._compile","line":1688,"method":"_compile","native":false},{"column":10,"file":"node:internal/modules/cjs/loader","function":"Object..js","line":1820,"method":".js","native":false},{"column":32,"file":"node:internal/modules/cjs/loader","function":"Module.load","line":1423,"method":"load","native":false},{"column":12,"file":"node:internal/modules/cjs/loader","function":"Function._load","line":1246,"method":"_load","native":false},{"column":14,"file":"node:diagnostics_channel","function":"TracingChannel.traceSync","line":322,"method":"traceSync","native":false},{"column":24,"file":"node:internal/modules/cjs/loader","function":"wrapModuleLoad","line":235,"method":null,"native":false},{"column":12,"file":"node:internal/modules/cjs/loader","function":"Module.require","line":1445,"method":"require","native":false},{"column":16,"file":"node:internal/modules/helpers","function":"require","line":135,"method":null,"native":false},{"column":19,"file":"C:\\Users\\DELL\\OneDrive\\Documents\\CAPSTONE PROJECT\\src\\config\\app.js","function":null,"line":26,"method":null,"native":false}]}
2025-10-13 13:13:38 [ERROR]: uncaughtException: youthController is not defined
ReferenceError: youthController is not defined
    at Object.<anonymous> (C:\Users\DELL\OneDrive\Documents\CAPSTONE PROJECT\src\routes\api.js:84:39)
    at Module._compile (node:internal/modules/cjs/loader:1688:14)
    at Object..js (node:internal/modules/cjs/loader:1820:10)
    at Module.load (node:internal/modules/cjs/loader:1423:32)
    at Function._load (node:internal/modules/cjs/loader:1246:12)
    at TracingChannel.traceSync (node:diagnostics_channel:322:14)
    at wrapModuleLoad (node:internal/modules/cjs/loader:235:24)
    at Module.require (node:internal/modules/cjs/loader:1445:12)
    at require (node:internal/modules/helpers:135:16)
    at Object.<anonymous> (C:\Users\DELL\OneDrive\Documents\CAPSTONE PROJECT\src\config\app.js:26:19) | Metadata: {"error":{},"stack":"ReferenceError: youthController is not defined\n    at Object.<anonymous> (C:\\Users\\DELL\\OneDrive\\Documents\\CAPSTONE PROJECT\\src\\routes\\api.js:84:39)\n    at Module._compile (node:internal/modules/cjs/loader:1688:14)\n    at Object..js (node:internal/modules/cjs/loader:1820:10)\n    at Module.load (node:internal/modules/cjs/loader:1423:32)\n    at Function._load (node:internal/modules/cjs/loader:1246:12)\n    at TracingChannel.traceSync (node:diagnostics_channel:322:14)\n    at wrapModuleLoad (node:internal/modules/cjs/loader:235:24)\n    at Module.require (node:internal/modules/cjs/loader:1445:12)\n    at require (node:internal/modules/helpers:135:16)\n    at Object.<anonymous> (C:\\Users\\DELL\\OneDrive\\Documents\\CAPSTONE PROJECT\\src\\config\\app.js:26:19)","exception":true,"date":"Mon Oct 13 2025 13:13:38 GMT+0100 (West Africa Standard Time)","process":{"pid":71416,"uid":null,"gid":null,"cwd":"C:\\Users\\DELL\\OneDrive\\Documents\\CAPSTONE PROJECT","execPath":"C:\\Program Files\\nodejs\\node.exe","version":"v22.18.0","argv":["C:\\Program Files\\nodejs\\node.exe","C:\\Users\\DELL\\OneDrive\\Documents\\CAPSTONE PROJECT\\src\\server.js"],"memoryUsage":{"rss":83210240,"heapTotal":59826176,"heapUsed":39866352,"external":20550978,"arrayBuffers":18264304}},"os":{"loadavg":[0,0,0],"uptime":559910.39},"trace":[{"column":39,"file":"C:\\Users\\DELL\\OneDrive\\Documents\\CAPSTONE PROJECT\\src\\routes\\api.js","function":null,"line":84,"method":null,"native":false},{"column":14,"file":"node:internal/modules/cjs/loader","function":"Module._compile","line":1688,"method":"_compile","native":false},{"column":10,"file":"node:internal/modules/cjs/loader","function":"Object..js","line":1820,"method":".js","native":false},{"column":32,"file":"node:internal/modules/cjs/loader","function":"Module.load","line":1423,"method":"load","native":false},{"column":12,"file":"node:internal/modules/cjs/loader","function":"Function._load","line":1246,"method":"_load","native":false},{"column":14,"file":"node:diagnostics_channel","function":"TracingChannel.traceSync","line":322,"method":"traceSync","native":false},{"column":24,"file":"node:internal/modules/cjs/loader","function":"wrapModuleLoad","line":235,"method":null,"native":false},{"column":12,"file":"node:internal/modules/cjs/loader","function":"Module.require","line":1445,"method":"require","native":false},{"column":16,"file":"node:internal/modules/helpers","function":"require","line":135,"method":null,"native":false},{"column":19,"file":"C:\\Users\\DELL\\OneDrive\\Documents\\CAPSTONE PROJECT\\src\\config\\app.js","function":null,"line":26,"method":null,"native":false}]}
2025-10-13 13:20:21 [ERROR]: uncaughtException: youthController is not defined
ReferenceError: youthController is not defined
    at Object.<anonymous> (C:\Users\DELL\OneDrive\Documents\CAPSTONE PROJECT\src\routes\api.js:84:39)
    at Module._compile (node:internal/modules/cjs/loader:1688:14)
    at Object..js (node:internal/modules/cjs/loader:1820:10)
    at Module.load (node:internal/modules/cjs/loader:1423:32)
    at Function._load (node:internal/modules/cjs/loader:1246:12)
    at TracingChannel.traceSync (node:diagnostics_channel:322:14)
    at wrapModuleLoad (node:internal/modules/cjs/loader:235:24)
    at Module.require (node:internal/modules/cjs/loader:1445:12)
    at require (node:internal/modules/helpers:135:16)
    at Object.<anonymous> (C:\Users\DELL\OneDrive\Documents\CAPSTONE PROJECT\src\config\app.js:26:19) | Metadata: {"error":{},"stack":"ReferenceError: youthController is not defined\n    at Object.<anonymous> (C:\\Users\\DELL\\OneDrive\\Documents\\CAPSTONE PROJECT\\src\\routes\\api.js:84:39)\n    at Module._compile (node:internal/modules/cjs/loader:1688:14)\n    at Object..js (node:internal/modules/cjs/loader:1820:10)\n    at Module.load (node:internal/modules/cjs/loader:1423:32)\n    at Function._load (node:internal/modules/cjs/loader:1246:12)\n    at TracingChannel.traceSync (node:diagnostics_channel:322:14)\n    at wrapModuleLoad (node:internal/modules/cjs/loader:235:24)\n    at Module.require (node:internal/modules/cjs/loader:1445:12)\n    at require (node:internal/modules/helpers:135:16)\n    at Object.<anonymous> (C:\\Users\\DELL\\OneDrive\\Documents\\CAPSTONE PROJECT\\src\\config\\app.js:26:19)","exception":true,"date":"Mon Oct 13 2025 13:20:21 GMT+0100 (West Africa Standard Time)","process":{"pid":79240,"uid":null,"gid":null,"cwd":"C:\\Users\\DELL\\OneDrive\\Documents\\CAPSTONE PROJECT","execPath":"C:\\Program Files\\nodejs\\node.exe","version":"v22.18.0","argv":["C:\\Program Files\\nodejs\\node.exe","C:\\Users\\DELL\\OneDrive\\Documents\\CAPSTONE PROJECT\\src\\server.js"],"memoryUsage":{"rss":86118400,"heapTotal":59826176,"heapUsed":39956072,"external":20550978,"arrayBuffers":18264304}},"os":{"loadavg":[0,0,0],"uptime":560313.234},"trace":[{"column":39,"file":"C:\\Users\\DELL\\OneDrive\\Documents\\CAPSTONE PROJECT\\src\\routes\\api.js","function":null,"line":84,"method":null,"native":false},{"column":14,"file":"node:internal/modules/cjs/loader","function":"Module._compile","line":1688,"method":"_compile","native":false},{"column":10,"file":"node:internal/modules/cjs/loader","function":"Object..js","line":1820,"method":".js","native":false},{"column":32,"file":"node:internal/modules/cjs/loader","function":"Module.load","line":1423,"method":"load","native":false},{"column":12,"file":"node:internal/modules/cjs/loader","function":"Function._load","line":1246,"method":"_load","native":false},{"column":14,"file":"node:diagnostics_channel","function":"TracingChannel.traceSync","line":322,"method":"traceSync","native":false},{"column":24,"file":"node:internal/modules/cjs/loader","function":"wrapModuleLoad","line":235,"method":null,"native":false},{"column":12,"file":"node:internal/modules/cjs/loader","function":"Module.require","line":1445,"method":"require","native":false},{"column":16,"file":"node:internal/modules/helpers","function":"require","line":135,"method":null,"native":false},{"column":19,"file":"C:\\Users\\DELL\\OneDrive\\Documents\\CAPSTONE PROJECT\\src\\config\\app.js","function":null,"line":26,"method":null,"native":false}]}
2025-10-13 13:23:09 [ERROR]: uncaughtException: youthController is not defined
ReferenceError: youthController is not defined
    at Object.<anonymous> (C:\Users\DELL\OneDrive\Documents\CAPSTONE PROJECT\src\routes\api.js:84:39)
    at Module._compile (node:internal/modules/cjs/loader:1688:14)
    at Object..js (node:internal/modules/cjs/loader:1820:10)
    at Module.load (node:internal/modules/cjs/loader:1423:32)
    at Function._load (node:internal/modules/cjs/loader:1246:12)
    at TracingChannel.traceSync (node:diagnostics_channel:322:14)
    at wrapModuleLoad (node:internal/modules/cjs/loader:235:24)
    at Module.require (node:internal/modules/cjs/loader:1445:12)
    at require (node:internal/modules/helpers:135:16)
    at Object.<anonymous> (C:\Users\DELL\OneDrive\Documents\CAPSTONE PROJECT\src\config\app.js:26:19) | Metadata: {"error":{},"stack":"ReferenceError: youthController is not defined\n    at Object.<anonymous> (C:\\Users\\DELL\\OneDrive\\Documents\\CAPSTONE PROJECT\\src\\routes\\api.js:84:39)\n    at Module._compile (node:internal/modules/cjs/loader:1688:14)\n    at Object..js (node:internal/modules/cjs/loader:1820:10)\n    at Module.load (node:internal/modules/cjs/loader:1423:32)\n    at Function._load (node:internal/modules/cjs/loader:1246:12)\n    at TracingChannel.traceSync (node:diagnostics_channel:322:14)\n    at wrapModuleLoad (node:internal/modules/cjs/loader:235:24)\n    at Module.require (node:internal/modules/cjs/loader:1445:12)\n    at require (node:internal/modules/helpers:135:16)\n    at Object.<anonymous> (C:\\Users\\DELL\\OneDrive\\Documents\\CAPSTONE PROJECT\\src\\config\\app.js:26:19)","exception":true,"date":"Mon Oct 13 2025 13:23:09 GMT+0100 (West Africa Standard Time)","process":{"pid":79068,"uid":null,"gid":null,"cwd":"C:\\Users\\DELL\\OneDrive\\Documents\\CAPSTONE PROJECT","execPath":"C:\\Program Files\\nodejs\\node.exe","version":"v22.18.0","argv":["C:\\Program Files\\nodejs\\node.exe","C:\\Users\\DELL\\OneDrive\\Documents\\CAPSTONE PROJECT\\src\\server.js"],"memoryUsage":{"rss":86904832,"heapTotal":59826176,"heapUsed":40438592,"external":20550978,"arrayBuffers":18264304}},"os":{"loadavg":[0,0,0],"uptime":560481.406},"trace":[{"column":39,"file":"C:\\Users\\DELL\\OneDrive\\Documents\\CAPSTONE PROJECT\\src\\routes\\api.js","function":null,"line":84,"method":null,"native":false},{"column":14,"file":"node:internal/modules/cjs/loader","function":"Module._compile","line":1688,"method":"_compile","native":false},{"column":10,"file":"node:internal/modules/cjs/loader","function":"Object..js","line":1820,"method":".js","native":false},{"column":32,"file":"node:internal/modules/cjs/loader","function":"Module.load","line":1423,"method":"load","native":false},{"column":12,"file":"node:internal/modules/cjs/loader","function":"Function._load","line":1246,"method":"_load","native":false},{"column":14,"file":"node:diagnostics_channel","function":"TracingChannel.traceSync","line":322,"method":"traceSync","native":false},{"column":24,"file":"node:internal/modules/cjs/loader","function":"wrapModuleLoad","line":235,"method":null,"native":false},{"column":12,"file":"node:internal/modules/cjs/loader","function":"Module.require","line":1445,"method":"require","native":false},{"column":16,"file":"node:internal/modules/helpers","function":"require","line":135,"method":null,"native":false},{"column":19,"file":"C:\\Users\\DELL\\OneDrive\\Documents\\CAPSTONE PROJECT\\src\\config\\app.js","function":null,"line":26,"method":null,"native":false}]}
2025-10-13 13:26:04 [ERROR]: uncaughtException: youthController is not defined
ReferenceError: youthController is not defined
    at Object.<anonymous> (C:\Users\DELL\OneDrive\Documents\CAPSTONE PROJECT\src\routes\api.js:84:39)
    at Module._compile (node:internal/modules/cjs/loader:1688:14)
    at Object..js (node:internal/modules/cjs/loader:1820:10)
    at Module.load (node:internal/modules/cjs/loader:1423:32)
    at Function._load (node:internal/modules/cjs/loader:1246:12)
    at TracingChannel.traceSync (node:diagnostics_channel:322:14)
    at wrapModuleLoad (node:internal/modules/cjs/loader:235:24)
    at Module.require (node:internal/modules/cjs/loader:1445:12)
    at require (node:internal/modules/helpers:135:16)
    at Object.<anonymous> (C:\Users\DELL\OneDrive\Documents\CAPSTONE PROJECT\src\config\app.js:26:19) | Metadata: {"error":{},"stack":"ReferenceError: youthController is not defined\n    at Object.<anonymous> (C:\\Users\\DELL\\OneDrive\\Documents\\CAPSTONE PROJECT\\src\\routes\\api.js:84:39)\n    at Module._compile (node:internal/modules/cjs/loader:1688:14)\n    at Object..js (node:internal/modules/cjs/loader:1820:10)\n    at Module.load (node:internal/modules/cjs/loader:1423:32)\n    at Function._load (node:internal/modules/cjs/loader:1246:12)\n    at TracingChannel.traceSync (node:diagnostics_channel:322:14)\n    at wrapModuleLoad (node:internal/modules/cjs/loader:235:24)\n    at Module.require (node:internal/modules/cjs/loader:1445:12)\n    at require (node:internal/modules/helpers:135:16)\n    at Object.<anonymous> (C:\\Users\\DELL\\OneDrive\\Documents\\CAPSTONE PROJECT\\src\\config\\app.js:26:19)","exception":true,"date":"Mon Oct 13 2025 13:26:04 GMT+0100 (West Africa Standard Time)","process":{"pid":17260,"uid":null,"gid":null,"cwd":"C:\\Users\\DELL\\OneDrive\\Documents\\CAPSTONE PROJECT","execPath":"C:\\Program Files\\nodejs\\node.exe","version":"v22.18.0","argv":["C:\\Program Files\\nodejs\\node.exe","C:\\Users\\DELL\\OneDrive\\Documents\\CAPSTONE PROJECT\\src\\server.js"],"memoryUsage":{"rss":85987328,"heapTotal":59826176,"heapUsed":39896520,"external":20550978,"arrayBuffers":18264304}},"os":{"loadavg":[0,0,0],"uptime":560655.64},"trace":[{"column":39,"file":"C:\\Users\\DELL\\OneDrive\\Documents\\CAPSTONE PROJECT\\src\\routes\\api.js","function":null,"line":84,"method":null,"native":false},{"column":14,"file":"node:internal/modules/cjs/loader","function":"Module._compile","line":1688,"method":"_compile","native":false},{"column":10,"file":"node:internal/modules/cjs/loader","function":"Object..js","line":1820,"method":".js","native":false},{"column":32,"file":"node:internal/modules/cjs/loader","function":"Module.load","line":1423,"method":"load","native":false},{"column":12,"file":"node:internal/modules/cjs/loader","function":"Function._load","line":1246,"method":"_load","native":false},{"column":14,"file":"node:diagnostics_channel","function":"TracingChannel.traceSync","line":322,"method":"traceSync","native":false},{"column":24,"file":"node:internal/modules/cjs/loader","function":"wrapModuleLoad","line":235,"method":null,"native":false},{"column":12,"file":"node:internal/modules/cjs/loader","function":"Module.require","line":1445,"method":"require","native":false},{"column":16,"file":"node:internal/modules/helpers","function":"require","line":135,"method":null,"native":false},{"column":19,"file":"C:\\Users\\DELL\\OneDrive\\Documents\\CAPSTONE PROJECT\\src\\config\\app.js","function":null,"line":26,"method":null,"native":false}]}
2025-10-13 13:30:46 [ERROR]: uncaughtException: youthController is not defined
ReferenceError: youthController is not defined
    at Object.<anonymous> (C:\Users\DELL\OneDrive\Documents\CAPSTONE PROJECT\src\routes\api.js:84:39)
    at Module._compile (node:internal/modules/cjs/loader:1688:14)
    at Object..js (node:internal/modules/cjs/loader:1820:10)
    at Module.load (node:internal/modules/cjs/loader:1423:32)
    at Function._load (node:internal/modules/cjs/loader:1246:12)
    at TracingChannel.traceSync (node:diagnostics_channel:322:14)
    at wrapModuleLoad (node:internal/modules/cjs/loader:235:24)
    at Module.require (node:internal/modules/cjs/loader:1445:12)
    at require (node:internal/modules/helpers:135:16)
    at Object.<anonymous> (C:\Users\DELL\OneDrive\Documents\CAPSTONE PROJECT\src\config\app.js:26:19) | Metadata: {"error":{},"stack":"ReferenceError: youthController is not defined\n    at Object.<anonymous> (C:\\Users\\DELL\\OneDrive\\Documents\\CAPSTONE PROJECT\\src\\routes\\api.js:84:39)\n    at Module._compile (node:internal/modules/cjs/loader:1688:14)\n    at Object..js (node:internal/modules/cjs/loader:1820:10)\n    at Module.load (node:internal/modules/cjs/loader:1423:32)\n    at Function._load (node:internal/modules/cjs/loader:1246:12)\n    at TracingChannel.traceSync (node:diagnostics_channel:322:14)\n    at wrapModuleLoad (node:internal/modules/cjs/loader:235:24)\n    at Module.require (node:internal/modules/cjs/loader:1445:12)\n    at require (node:internal/modules/helpers:135:16)\n    at Object.<anonymous> (C:\\Users\\DELL\\OneDrive\\Documents\\CAPSTONE PROJECT\\src\\config\\app.js:26:19)","exception":true,"date":"Mon Oct 13 2025 13:30:46 GMT+0100 (West Africa Standard Time)","process":{"pid":70952,"uid":null,"gid":null,"cwd":"C:\\Users\\DELL\\OneDrive\\Documents\\CAPSTONE PROJECT","execPath":"C:\\Program Files\\nodejs\\node.exe","version":"v22.18.0","argv":["C:\\Program Files\\nodejs\\node.exe","C:\\Users\\DELL\\OneDrive\\Documents\\CAPSTONE PROJECT\\src\\server.js"],"memoryUsage":{"rss":85786624,"heapTotal":59826176,"heapUsed":39768872,"external":20550978,"arrayBuffers":18264304}},"os":{"loadavg":[0,0,0],"uptime":560938.25},"trace":[{"column":39,"file":"C:\\Users\\DELL\\OneDrive\\Documents\\CAPSTONE PROJECT\\src\\routes\\api.js","function":null,"line":84,"method":null,"native":false},{"column":14,"file":"node:internal/modules/cjs/loader","function":"Module._compile","line":1688,"method":"_compile","native":false},{"column":10,"file":"node:internal/modules/cjs/loader","function":"Object..js","line":1820,"method":".js","native":false},{"column":32,"file":"node:internal/modules/cjs/loader","function":"Module.load","line":1423,"method":"load","native":false},{"column":12,"file":"node:internal/modules/cjs/loader","function":"Function._load","line":1246,"method":"_load","native":false},{"column":14,"file":"node:diagnostics_channel","function":"TracingChannel.traceSync","line":322,"method":"traceSync","native":false},{"column":24,"file":"node:internal/modules/cjs/loader","function":"wrapModuleLoad","line":235,"method":null,"native":false},{"column":12,"file":"node:internal/modules/cjs/loader","function":"Module.require","line":1445,"method":"require","native":false},{"column":16,"file":"node:internal/modules/helpers","function":"require","line":135,"method":null,"native":false},{"column":19,"file":"C:\\Users\\DELL\\OneDrive\\Documents\\CAPSTONE PROJECT\\src\\config\\app.js","function":null,"line":26,"method":null,"native":false}]}
2025-10-14 02:12:51 [ERROR]: uncaughtException: youthController is not defined
ReferenceError: youthController is not defined
    at Object.<anonymous> (C:\Users\DELL\OneDrive\Documents\CAPSTONE PROJECT\src\routes\api.js:84:39)
    at Module._compile (node:internal/modules/cjs/loader:1688:14)
    at Object..js (node:internal/modules/cjs/loader:1820:10)
    at Module.load (node:internal/modules/cjs/loader:1423:32)
    at Function._load (node:internal/modules/cjs/loader:1246:12)
    at TracingChannel.traceSync (node:diagnostics_channel:322:14)
    at wrapModuleLoad (node:internal/modules/cjs/loader:235:24)
    at Module.require (node:internal/modules/cjs/loader:1445:12)
    at require (node:internal/modules/helpers:135:16)
    at Object.<anonymous> (C:\Users\DELL\OneDrive\Documents\CAPSTONE PROJECT\src\config\app.js:26:19) | Metadata: {"error":{},"stack":"ReferenceError: youthController is not defined\n    at Object.<anonymous> (C:\\Users\\DELL\\OneDrive\\Documents\\CAPSTONE PROJECT\\src\\routes\\api.js:84:39)\n    at Module._compile (node:internal/modules/cjs/loader:1688:14)\n    at Object..js (node:internal/modules/cjs/loader:1820:10)\n    at Module.load (node:internal/modules/cjs/loader:1423:32)\n    at Function._load (node:internal/modules/cjs/loader:1246:12)\n    at TracingChannel.traceSync (node:diagnostics_channel:322:14)\n    at wrapModuleLoad (node:internal/modules/cjs/loader:235:24)\n    at Module.require (node:internal/modules/cjs/loader:1445:12)\n    at require (node:internal/modules/helpers:135:16)\n    at Object.<anonymous> (C:\\Users\\DELL\\OneDrive\\Documents\\CAPSTONE PROJECT\\src\\config\\app.js:26:19)","exception":true,"date":"Tue Oct 14 2025 02:12:50 GMT+0100 (West Africa Standard Time)","process":{"pid":18240,"uid":null,"gid":null,"cwd":"C:\\Users\\DELL\\OneDrive\\Documents\\CAPSTONE PROJECT","execPath":"C:\\Program Files\\nodejs\\node.exe","version":"v22.18.0","argv":["C:\\Program Files\\nodejs\\node.exe","C:\\Users\\DELL\\OneDrive\\Documents\\CAPSTONE PROJECT\\src\\server.js"],"memoryUsage":{"rss":87703552,"heapTotal":59826176,"heapUsed":39965184,"external":20550978,"arrayBuffers":18264304}},"os":{"loadavg":[0,0,0],"uptime":45455.828},"trace":[{"column":39,"file":"C:\\Users\\DELL\\OneDrive\\Documents\\CAPSTONE PROJECT\\src\\routes\\api.js","function":null,"line":84,"method":null,"native":false},{"column":14,"file":"node:internal/modules/cjs/loader","function":"Module._compile","line":1688,"method":"_compile","native":false},{"column":10,"file":"node:internal/modules/cjs/loader","function":"Object..js","line":1820,"method":".js","native":false},{"column":32,"file":"node:internal/modules/cjs/loader","function":"Module.load","line":1423,"method":"load","native":false},{"column":12,"file":"node:internal/modules/cjs/loader","function":"Function._load","line":1246,"method":"_load","native":false},{"column":14,"file":"node:diagnostics_channel","function":"TracingChannel.traceSync","line":322,"method":"traceSync","native":false},{"column":24,"file":"node:internal/modules/cjs/loader","function":"wrapModuleLoad","line":235,"method":null,"native":false},{"column":12,"file":"node:internal/modules/cjs/loader","function":"Module.require","line":1445,"method":"require","native":false},{"column":16,"file":"node:internal/modules/helpers","function":"require","line":135,"method":null,"native":false},{"column":19,"file":"C:\\Users\\DELL\\OneDrive\\Documents\\CAPSTONE PROJECT\\src\\config\\app.js","function":null,"line":26,"method":null,"native":false}]}
2025-10-14 03:41:45 [ERROR]: uncaughtException: youthController is not defined
ReferenceError: youthController is not defined
    at Object.<anonymous> (C:\Users\DELL\OneDrive\Documents\CAPSTONE PROJECT\src\routes\api.js:84:39)
    at Module._compile (node:internal/modules/cjs/loader:1688:14)
    at Object..js (node:internal/modules/cjs/loader:1820:10)
    at Module.load (node:internal/modules/cjs/loader:1423:32)
    at Function._load (node:internal/modules/cjs/loader:1246:12)
    at TracingChannel.traceSync (node:diagnostics_channel:322:14)
    at wrapModuleLoad (node:internal/modules/cjs/loader:235:24)
    at Module.require (node:internal/modules/cjs/loader:1445:12)
    at require (node:internal/modules/helpers:135:16)
    at Object.<anonymous> (C:\Users\DELL\OneDrive\Documents\CAPSTONE PROJECT\src\config\app.js:26:19) | Metadata: {"error":{},"stack":"ReferenceError: youthController is not defined\n    at Object.<anonymous> (C:\\Users\\DELL\\OneDrive\\Documents\\CAPSTONE PROJECT\\src\\routes\\api.js:84:39)\n    at Module._compile (node:internal/modules/cjs/loader:1688:14)\n    at Object..js (node:internal/modules/cjs/loader:1820:10)\n    at Module.load (node:internal/modules/cjs/loader:1423:32)\n    at Function._load (node:internal/modules/cjs/loader:1246:12)\n    at TracingChannel.traceSync (node:diagnostics_channel:322:14)\n    at wrapModuleLoad (node:internal/modules/cjs/loader:235:24)\n    at Module.require (node:internal/modules/cjs/loader:1445:12)\n    at require (node:internal/modules/helpers:135:16)\n    at Object.<anonymous> (C:\\Users\\DELL\\OneDrive\\Documents\\CAPSTONE PROJECT\\src\\config\\app.js:26:19)","exception":true,"date":"Tue Oct 14 2025 03:41:45 GMT+0100 (West Africa Standard Time)","process":{"pid":4572,"uid":null,"gid":null,"cwd":"C:\\Users\\DELL\\OneDrive\\Documents\\CAPSTONE PROJECT","execPath":"C:\\Program Files\\nodejs\\node.exe","version":"v22.18.0","argv":["C:\\Program Files\\nodejs\\node.exe","C:\\Users\\DELL\\OneDrive\\Documents\\CAPSTONE PROJECT\\src\\server.js"],"memoryUsage":{"rss":86052864,"heapTotal":59826176,"heapUsed":39978432,"external":20550978,"arrayBuffers":18264304}},"os":{"loadavg":[0,0,0],"uptime":50790.312},"trace":[{"column":39,"file":"C:\\Users\\DELL\\OneDrive\\Documents\\CAPSTONE PROJECT\\src\\routes\\api.js","function":null,"line":84,"method":null,"native":false},{"column":14,"file":"node:internal/modules/cjs/loader","function":"Module._compile","line":1688,"method":"_compile","native":false},{"column":10,"file":"node:internal/modules/cjs/loader","function":"Object..js","line":1820,"method":".js","native":false},{"column":32,"file":"node:internal/modules/cjs/loader","function":"Module.load","line":1423,"method":"load","native":false},{"column":12,"file":"node:internal/modules/cjs/loader","function":"Function._load","line":1246,"method":"_load","native":false},{"column":14,"file":"node:diagnostics_channel","function":"TracingChannel.traceSync","line":322,"method":"traceSync","native":false},{"column":24,"file":"node:internal/modules/cjs/loader","function":"wrapModuleLoad","line":235,"method":null,"native":false},{"column":12,"file":"node:internal/modules/cjs/loader","function":"Module.require","line":1445,"method":"require","native":false},{"column":16,"file":"node:internal/modules/helpers","function":"require","line":135,"method":null,"native":false},{"column":19,"file":"C:\\Users\\DELL\\OneDrive\\Documents\\CAPSTONE PROJECT\\src\\config\\app.js","function":null,"line":26,"method":null,"native":false}]}
2025-10-14 03:45:22 [ERROR]: uncaughtException: youthController is not defined
ReferenceError: youthController is not defined
    at Object.<anonymous> (C:\Users\DELL\OneDrive\Documents\CAPSTONE PROJECT\src\routes\api.js:84:39)
    at Module._compile (node:internal/modules/cjs/loader:1688:14)
    at Object..js (node:internal/modules/cjs/loader:1820:10)
    at Module.load (node:internal/modules/cjs/loader:1423:32)
    at Function._load (node:internal/modules/cjs/loader:1246:12)
    at TracingChannel.traceSync (node:diagnostics_channel:322:14)
    at wrapModuleLoad (node:internal/modules/cjs/loader:235:24)
    at Module.require (node:internal/modules/cjs/loader:1445:12)
    at require (node:internal/modules/helpers:135:16)
    at Object.<anonymous> (C:\Users\DELL\OneDrive\Documents\CAPSTONE PROJECT\src\simple-server.js:21:19) | Metadata: {"error":{},"stack":"ReferenceError: youthController is not defined\n    at Object.<anonymous> (C:\\Users\\DELL\\OneDrive\\Documents\\CAPSTONE PROJECT\\src\\routes\\api.js:84:39)\n    at Module._compile (node:internal/modules/cjs/loader:1688:14)\n    at Object..js (node:internal/modules/cjs/loader:1820:10)\n    at Module.load (node:internal/modules/cjs/loader:1423:32)\n    at Function._load (node:internal/modules/cjs/loader:1246:12)\n    at TracingChannel.traceSync (node:diagnostics_channel:322:14)\n    at wrapModuleLoad (node:internal/modules/cjs/loader:235:24)\n    at Module.require (node:internal/modules/cjs/loader:1445:12)\n    at require (node:internal/modules/helpers:135:16)\n    at Object.<anonymous> (C:\\Users\\DELL\\OneDrive\\Documents\\CAPSTONE PROJECT\\src\\simple-server.js:21:19)","exception":true,"date":"Tue Oct 14 2025 03:45:22 GMT+0100 (West Africa Standard Time)","process":{"pid":7524,"uid":null,"gid":null,"cwd":"C:\\Users\\DELL\\OneDrive\\Documents\\CAPSTONE PROJECT","execPath":"C:\\Program Files\\nodejs\\node.exe","version":"v22.18.0","argv":["C:\\Program Files\\nodejs\\node.exe","C:\\Users\\DELL\\OneDrive\\Documents\\CAPSTONE PROJECT\\src\\simple-server.js"],"memoryUsage":{"rss":81088512,"heapTotal":61661184,"heapUsed":29994088,"external":20539613,"arrayBuffers":18264303}},"os":{"loadavg":[0,0,0],"uptime":51007.312},"trace":[{"column":39,"file":"C:\\Users\\DELL\\OneDrive\\Documents\\CAPSTONE PROJECT\\src\\routes\\api.js","function":null,"line":84,"method":null,"native":false},{"column":14,"file":"node:internal/modules/cjs/loader","function":"Module._compile","line":1688,"method":"_compile","native":false},{"column":10,"file":"node:internal/modules/cjs/loader","function":"Object..js","line":1820,"method":".js","native":false},{"column":32,"file":"node:internal/modules/cjs/loader","function":"Module.load","line":1423,"method":"load","native":false},{"column":12,"file":"node:internal/modules/cjs/loader","function":"Function._load","line":1246,"method":"_load","native":false},{"column":14,"file":"node:diagnostics_channel","function":"TracingChannel.traceSync","line":322,"method":"traceSync","native":false},{"column":24,"file":"node:internal/modules/cjs/loader","function":"wrapModuleLoad","line":235,"method":null,"native":false},{"column":12,"file":"node:internal/modules/cjs/loader","function":"Module.require","line":1445,"method":"require","native":false},{"column":16,"file":"node:internal/modules/helpers","function":"require","line":135,"method":null,"native":false},{"column":19,"file":"C:\\Users\\DELL\\OneDrive\\Documents\\CAPSTONE PROJECT\\src\\simple-server.js","function":null,"line":21,"method":null,"native":false}]}
2025-10-14 03:49:08 [ERROR]: uncaughtException: Service is required for controller
Error: Service is required for controller
    at new BaseController (C:\Users\DELL\OneDrive\Documents\CAPSTONE PROJECT\src\controllers\BaseController.js:35:19)
    at new UserController (C:\Users\DELL\OneDrive\Documents\CAPSTONE PROJECT\src\controllers\UserController.js:32:9)
    at Object.<anonymous> (C:\Users\DELL\OneDrive\Documents\CAPSTONE PROJECT\src\routes\simple-api.js:14:24)
    at Module._compile (node:internal/modules/cjs/loader:1688:14)
    at Object..js (node:internal/modules/cjs/loader:1820:10)
    at Module.load (node:internal/modules/cjs/loader:1423:32)
    at Function._load (node:internal/modules/cjs/loader:1246:12)
    at TracingChannel.traceSync (node:diagnostics_channel:322:14)
    at wrapModuleLoad (node:internal/modules/cjs/loader:235:24)
    at Module.require (node:internal/modules/cjs/loader:1445:12) | Metadata: {"error":{},"stack":"Error: Service is required for controller\n    at new BaseController (C:\\Users\\DELL\\OneDrive\\Documents\\CAPSTONE PROJECT\\src\\controllers\\BaseController.js:35:19)\n    at new UserController (C:\\Users\\DELL\\OneDrive\\Documents\\CAPSTONE PROJECT\\src\\controllers\\UserController.js:32:9)\n    at Object.<anonymous> (C:\\Users\\DELL\\OneDrive\\Documents\\CAPSTONE PROJECT\\src\\routes\\simple-api.js:14:24)\n    at Module._compile (node:internal/modules/cjs/loader:1688:14)\n    at Object..js (node:internal/modules/cjs/loader:1820:10)\n    at Module.load (node:internal/modules/cjs/loader:1423:32)\n    at Function._load (node:internal/modules/cjs/loader:1246:12)\n    at TracingChannel.traceSync (node:diagnostics_channel:322:14)\n    at wrapModuleLoad (node:internal/modules/cjs/loader:235:24)\n    at Module.require (node:internal/modules/cjs/loader:1445:12)","exception":true,"date":"Tue Oct 14 2025 03:49:08 GMT+0100 (West Africa Standard Time)","process":{"pid":10092,"uid":null,"gid":null,"cwd":"C:\\Users\\DELL\\OneDrive\\Documents\\CAPSTONE PROJECT","execPath":"C:\\Program Files\\nodejs\\node.exe","version":"v22.18.0","argv":["C:\\Program Files\\nodejs\\node.exe","C:\\Users\\DELL\\OneDrive\\Documents\\CAPSTONE PROJECT\\src\\simple-server.js"],"memoryUsage":{"rss":67289088,"heapTotal":35160064,"heapUsed":22215144,"external":20539612,"arrayBuffers":18264303}},"os":{"loadavg":[0,0,0],"uptime":51233.125},"trace":[{"column":19,"file":"C:\\Users\\DELL\\OneDrive\\Documents\\CAPSTONE PROJECT\\src\\controllers\\BaseController.js","function":"new BaseController","line":35,"method":null,"native":false},{"column":9,"file":"C:\\Users\\DELL\\OneDrive\\Documents\\CAPSTONE PROJECT\\src\\controllers\\UserController.js","function":"new UserController","line":32,"method":null,"native":false},{"column":24,"file":"C:\\Users\\DELL\\OneDrive\\Documents\\CAPSTONE PROJECT\\src\\routes\\simple-api.js","function":null,"line":14,"method":null,"native":false},{"column":14,"file":"node:internal/modules/cjs/loader","function":"Module._compile","line":1688,"method":"_compile","native":false},{"column":10,"file":"node:internal/modules/cjs/loader","function":"Object..js","line":1820,"method":".js","native":false},{"column":32,"file":"node:internal/modules/cjs/loader","function":"Module.load","line":1423,"method":"load","native":false},{"column":12,"file":"node:internal/modules/cjs/loader","function":"Function._load","line":1246,"method":"_load","native":false},{"column":14,"file":"node:diagnostics_channel","function":"TracingChannel.traceSync","line":322,"method":"traceSync","native":false},{"column":24,"file":"node:internal/modules/cjs/loader","function":"wrapModuleLoad","line":235,"method":null,"native":false},{"column":12,"file":"node:internal/modules/cjs/loader","function":"Module.require","line":1445,"method":"require","native":false}]}
2025-10-14 16:40:32 [ERROR]: uncaughtException: Cannot read properties of undefined (reading 'bind')
TypeError: Cannot read properties of undefined (reading 'bind')
    at Object.<anonymous> (c:\Users\DELL\OneDrive\Documents\CAPSTONE PROJECT\youthguard backend\src\routes\api.js:151:115)
    at Module._compile (node:internal/modules/cjs/loader:1688:14)
    at Object..js (node:internal/modules/cjs/loader:1820:10)
    at Module.load (node:internal/modules/cjs/loader:1423:32)
    at Function._load (node:internal/modules/cjs/loader:1246:12)
    at TracingChannel.traceSync (node:diagnostics_channel:322:14)
    at wrapModuleLoad (node:internal/modules/cjs/loader:235:24)
    at Module.require (node:internal/modules/cjs/loader:1445:12)
    at require (node:internal/modules/helpers:135:16)
    at Object.<anonymous> (c:\Users\DELL\OneDrive\Documents\CAPSTONE PROJECT\youthguard backend\src\config\app.js:26:19) | Metadata: {"error":{},"stack":"TypeError: Cannot read properties of undefined (reading 'bind')\n    at Object.<anonymous> (c:\\Users\\DELL\\OneDrive\\Documents\\CAPSTONE PROJECT\\youthguard backend\\src\\routes\\api.js:151:115)\n    at Module._compile (node:internal/modules/cjs/loader:1688:14)\n    at Object..js (node:internal/modules/cjs/loader:1820:10)\n    at Module.load (node:internal/modules/cjs/loader:1423:32)\n    at Function._load (node:internal/modules/cjs/loader:1246:12)\n    at TracingChannel.traceSync (node:diagnostics_channel:322:14)\n    at wrapModuleLoad (node:internal/modules/cjs/loader:235:24)\n    at Module.require (node:internal/modules/cjs/loader:1445:12)\n    at require (node:internal/modules/helpers:135:16)\n    at Object.<anonymous> (c:\\Users\\DELL\\OneDrive\\Documents\\CAPSTONE PROJECT\\youthguard backend\\src\\config\\app.js:26:19)","exception":true,"date":"Tue Oct 14 2025 16:40:32 GMT+0100 (West Africa Standard Time)","process":{"pid":20060,"uid":null,"gid":null,"cwd":"c:\\Users\\DELL\\OneDrive\\Documents\\CAPSTONE PROJECT\\youthguard backend","execPath":"C:\\Program Files\\nodejs\\node.exe","version":"v22.18.0","argv":["C:\\Program Files\\nodejs\\node.exe","c:\\Users\\DELL\\OneDrive\\Documents\\CAPSTONE PROJECT\\youthguard backend\\src\\server.js"],"memoryUsage":{"rss":78430208,"heapTotal":57966592,"heapUsed":30349224,"external":20675218,"arrayBuffers":18264479}},"os":{"loadavg":[0,0,0],"uptime":97517.265},"trace":[{"column":115,"file":"c:\\Users\\DELL\\OneDrive\\Documents\\CAPSTONE PROJECT\\youthguard backend\\src\\routes\\api.js","function":null,"line":151,"method":null,"native":false},{"column":14,"file":"node:internal/modules/cjs/loader","function":"Module._compile","line":1688,"method":"_compile","native":false},{"column":10,"file":"node:internal/modules/cjs/loader","function":"Object..js","line":1820,"method":".js","native":false},{"column":32,"file":"node:internal/modules/cjs/loader","function":"Module.load","line":1423,"method":"load","native":false},{"column":12,"file":"node:internal/modules/cjs/loader","function":"Function._load","line":1246,"method":"_load","native":false},{"column":14,"file":"node:diagnostics_channel","function":"TracingChannel.traceSync","line":322,"method":"traceSync","native":false},{"column":24,"file":"node:internal/modules/cjs/loader","function":"wrapModuleLoad","line":235,"method":null,"native":false},{"column":12,"file":"node:internal/modules/cjs/loader","function":"Module.require","line":1445,"method":"require","native":false},{"column":16,"file":"node:internal/modules/helpers","function":"require","line":135,"method":null,"native":false},{"column":19,"file":"c:\\Users\\DELL\\OneDrive\\Documents\\CAPSTONE PROJECT\\youthguard backend\\src\\config\\app.js","function":null,"line":26,"method":null,"native":false}]}
2025-10-14 17:10:17 [ERROR]: uncaughtException: Cannot read properties of undefined (reading 'bind')
TypeError: Cannot read properties of undefined (reading 'bind')
    at Object.<anonymous> (c:\Users\DELL\OneDrive\Documents\CAPSTONE PROJECT\youthguard backend\src\routes\api.js:151:115)
    at Module._compile (node:internal/modules/cjs/loader:1688:14)
    at Object..js (node:internal/modules/cjs/loader:1820:10)
    at Module.load (node:internal/modules/cjs/loader:1423:32)
    at Function._load (node:internal/modules/cjs/loader:1246:12)
    at TracingChannel.traceSync (node:diagnostics_channel:322:14)
    at wrapModuleLoad (node:internal/modules/cjs/loader:235:24)
    at Module.require (node:internal/modules/cjs/loader:1445:12)
    at require (node:internal/modules/helpers:135:16)
    at Object.<anonymous> (c:\Users\DELL\OneDrive\Documents\CAPSTONE PROJECT\youthguard backend\src\config\app.js:26:19) | Metadata: {"error":{},"stack":"TypeError: Cannot read properties of undefined (reading 'bind')\n    at Object.<anonymous> (c:\\Users\\DELL\\OneDrive\\Documents\\CAPSTONE PROJECT\\youthguard backend\\src\\routes\\api.js:151:115)\n    at Module._compile (node:internal/modules/cjs/loader:1688:14)\n    at Object..js (node:internal/modules/cjs/loader:1820:10)\n    at Module.load (node:internal/modules/cjs/loader:1423:32)\n    at Function._load (node:internal/modules/cjs/loader:1246:12)\n    at TracingChannel.traceSync (node:diagnostics_channel:322:14)\n    at wrapModuleLoad (node:internal/modules/cjs/loader:235:24)\n    at Module.require (node:internal/modules/cjs/loader:1445:12)\n    at require (node:internal/modules/helpers:135:16)\n    at Object.<anonymous> (c:\\Users\\DELL\\OneDrive\\Documents\\CAPSTONE PROJECT\\youthguard backend\\src\\config\\app.js:26:19)","exception":true,"date":"Tue Oct 14 2025 17:10:17 GMT+0100 (West Africa Standard Time)","process":{"pid":27564,"uid":null,"gid":null,"cwd":"c:\\Users\\DELL\\OneDrive\\Documents\\CAPSTONE PROJECT\\youthguard backend","execPath":"C:\\Program Files\\nodejs\\node.exe","version":"v22.18.0","argv":["C:\\Program Files\\nodejs\\node.exe","c:\\Users\\DELL\\OneDrive\\Documents\\CAPSTONE PROJECT\\youthguard backend\\src\\server.js"],"memoryUsage":{"rss":74342400,"heapTotal":57704448,"heapUsed":30548096,"external":20675218,"arrayBuffers":18264479}},"os":{"loadavg":[0,0,0],"uptime":99302.5},"trace":[{"column":115,"file":"c:\\Users\\DELL\\OneDrive\\Documents\\CAPSTONE PROJECT\\youthguard backend\\src\\routes\\api.js","function":null,"line":151,"method":null,"native":false},{"column":14,"file":"node:internal/modules/cjs/loader","function":"Module._compile","line":1688,"method":"_compile","native":false},{"column":10,"file":"node:internal/modules/cjs/loader","function":"Object..js","line":1820,"method":".js","native":false},{"column":32,"file":"node:internal/modules/cjs/loader","function":"Module.load","line":1423,"method":"load","native":false},{"column":12,"file":"node:internal/modules/cjs/loader","function":"Function._load","line":1246,"method":"_load","native":false},{"column":14,"file":"node:diagnostics_channel","function":"TracingChannel.traceSync","line":322,"method":"traceSync","native":false},{"column":24,"file":"node:internal/modules/cjs/loader","function":"wrapModuleLoad","line":235,"method":null,"native":false},{"column":12,"file":"node:internal/modules/cjs/loader","function":"Module.require","line":1445,"method":"require","native":false},{"column":16,"file":"node:internal/modules/helpers","function":"require","line":135,"method":null,"native":false},{"column":19,"file":"c:\\Users\\DELL\\OneDrive\\Documents\\CAPSTONE PROJECT\\youthguard backend\\src\\config\\app.js","function":null,"line":26,"method":null,"native":false}]}
2025-10-14 17:10:20 [ERROR]: uncaughtException: Cannot read properties of undefined (reading 'bind')
TypeError: Cannot read properties of undefined (reading 'bind')
    at Object.<anonymous> (c:\Users\DELL\OneDrive\Documents\CAPSTONE PROJECT\youthguard backend\src\routes\api.js:151:115)
    at Module._compile (node:internal/modules/cjs/loader:1688:14)
    at Object..js (node:internal/modules/cjs/loader:1820:10)
    at Module.load (node:internal/modules/cjs/loader:1423:32)
    at Function._load (node:internal/modules/cjs/loader:1246:12)
    at TracingChannel.traceSync (node:diagnostics_channel:322:14)
    at wrapModuleLoad (node:internal/modules/cjs/loader:235:24)
    at Module.require (node:internal/modules/cjs/loader:1445:12)
    at require (node:internal/modules/helpers:135:16)
    at Object.<anonymous> (c:\Users\DELL\OneDrive\Documents\CAPSTONE PROJECT\youthguard backend\src\config\app.js:26:19) | Metadata: {"error":{},"stack":"TypeError: Cannot read properties of undefined (reading 'bind')\n    at Object.<anonymous> (c:\\Users\\DELL\\OneDrive\\Documents\\CAPSTONE PROJECT\\youthguard backend\\src\\routes\\api.js:151:115)\n    at Module._compile (node:internal/modules/cjs/loader:1688:14)\n    at Object..js (node:internal/modules/cjs/loader:1820:10)\n    at Module.load (node:internal/modules/cjs/loader:1423:32)\n    at Function._load (node:internal/modules/cjs/loader:1246:12)\n    at TracingChannel.traceSync (node:diagnostics_channel:322:14)\n    at wrapModuleLoad (node:internal/modules/cjs/loader:235:24)\n    at Module.require (node:internal/modules/cjs/loader:1445:12)\n    at require (node:internal/modules/helpers:135:16)\n    at Object.<anonymous> (c:\\Users\\DELL\\OneDrive\\Documents\\CAPSTONE PROJECT\\youthguard backend\\src\\config\\app.js:26:19)","exception":true,"date":"Tue Oct 14 2025 17:10:20 GMT+0100 (West Africa Standard Time)","process":{"pid":32572,"uid":null,"gid":null,"cwd":"c:\\Users\\DELL\\OneDrive\\Documents\\CAPSTONE PROJECT\\youthguard backend","execPath":"C:\\Program Files\\nodejs\\node.exe","version":"v22.18.0","argv":["C:\\Program Files\\nodejs\\node.exe","c:\\Users\\DELL\\OneDrive\\Documents\\CAPSTONE PROJECT\\youthguard backend\\src\\server.js"],"memoryUsage":{"rss":80769024,"heapTotal":57966592,"heapUsed":30434536,"external":20675218,"arrayBuffers":18264479}},"os":{"loadavg":[0,0,0],"uptime":99304.921},"trace":[{"column":115,"file":"c:\\Users\\DELL\\OneDrive\\Documents\\CAPSTONE PROJECT\\youthguard backend\\src\\routes\\api.js","function":null,"line":151,"method":null,"native":false},{"column":14,"file":"node:internal/modules/cjs/loader","function":"Module._compile","line":1688,"method":"_compile","native":false},{"column":10,"file":"node:internal/modules/cjs/loader","function":"Object..js","line":1820,"method":".js","native":false},{"column":32,"file":"node:internal/modules/cjs/loader","function":"Module.load","line":1423,"method":"load","native":false},{"column":12,"file":"node:internal/modules/cjs/loader","function":"Function._load","line":1246,"method":"_load","native":false},{"column":14,"file":"node:diagnostics_channel","function":"TracingChannel.traceSync","line":322,"method":"traceSync","native":false},{"column":24,"file":"node:internal/modules/cjs/loader","function":"wrapModuleLoad","line":235,"method":null,"native":false},{"column":12,"file":"node:internal/modules/cjs/loader","function":"Module.require","line":1445,"method":"require","native":false},{"column":16,"file":"node:internal/modules/helpers","function":"require","line":135,"method":null,"native":false},{"column":19,"file":"c:\\Users\\DELL\\OneDrive\\Documents\\CAPSTONE PROJECT\\youthguard backend\\src\\config\\app.js","function":null,"line":26,"method":null,"native":false}]}
2025-10-14 19:12:18 [ERROR]: uncaughtException: Cannot read properties of undefined (reading 'bind')
TypeError: Cannot read properties of undefined (reading 'bind')
    at Object.<anonymous> (c:\Users\DELL\OneDrive\Documents\CAPSTONE PROJECT\youthguard backend\src\routes\api.js:151:115)
    at Module._compile (node:internal/modules/cjs/loader:1688:14)
    at Object..js (node:internal/modules/cjs/loader:1820:10)
    at Module.load (node:internal/modules/cjs/loader:1423:32)
    at Function._load (node:internal/modules/cjs/loader:1246:12)
    at TracingChannel.traceSync (node:diagnostics_channel:322:14)
    at wrapModuleLoad (node:internal/modules/cjs/loader:235:24)
    at Module.require (node:internal/modules/cjs/loader:1445:12)
    at require (node:internal/modules/helpers:135:16)
    at Object.<anonymous> (c:\Users\DELL\OneDrive\Documents\CAPSTONE PROJECT\youthguard backend\src\config\app.js:26:19) | Metadata: {"error":{},"stack":"TypeError: Cannot read properties of undefined (reading 'bind')\n    at Object.<anonymous> (c:\\Users\\DELL\\OneDrive\\Documents\\CAPSTONE PROJECT\\youthguard backend\\src\\routes\\api.js:151:115)\n    at Module._compile (node:internal/modules/cjs/loader:1688:14)\n    at Object..js (node:internal/modules/cjs/loader:1820:10)\n    at Module.load (node:internal/modules/cjs/loader:1423:32)\n    at Function._load (node:internal/modules/cjs/loader:1246:12)\n    at TracingChannel.traceSync (node:diagnostics_channel:322:14)\n    at wrapModuleLoad (node:internal/modules/cjs/loader:235:24)\n    at Module.require (node:internal/modules/cjs/loader:1445:12)\n    at require (node:internal/modules/helpers:135:16)\n    at Object.<anonymous> (c:\\Users\\DELL\\OneDrive\\Documents\\CAPSTONE PROJECT\\youthguard backend\\src\\config\\app.js:26:19)","exception":true,"date":"Tue Oct 14 2025 19:12:18 GMT+0100 (West Africa Standard Time)","process":{"pid":33940,"uid":null,"gid":null,"cwd":"c:\\Users\\DELL\\OneDrive\\Documents\\CAPSTONE PROJECT\\youthguard backend","execPath":"C:\\Program Files\\nodejs\\node.exe","version":"v22.18.0","argv":["C:\\Program Files\\nodejs\\node.exe","c:\\Users\\DELL\\OneDrive\\Documents\\CAPSTONE PROJECT\\youthguard backend\\src\\server.js"],"memoryUsage":{"rss":77357056,"heapTotal":57966592,"heapUsed":30416712,"external":20675218,"arrayBuffers":18264479}},"os":{"loadavg":[0,0,0],"uptime":106623.671},"trace":[{"column":115,"file":"c:\\Users\\DELL\\OneDrive\\Documents\\CAPSTONE PROJECT\\youthguard backend\\src\\routes\\api.js","function":null,"line":151,"method":null,"native":false},{"column":14,"file":"node:internal/modules/cjs/loader","function":"Module._compile","line":1688,"method":"_compile","native":false},{"column":10,"file":"node:internal/modules/cjs/loader","function":"Object..js","line":1820,"method":".js","native":false},{"column":32,"file":"node:internal/modules/cjs/loader","function":"Module.load","line":1423,"method":"load","native":false},{"column":12,"file":"node:internal/modules/cjs/loader","function":"Function._load","line":1246,"method":"_load","native":false},{"column":14,"file":"node:diagnostics_channel","function":"TracingChannel.traceSync","line":322,"method":"traceSync","native":false},{"column":24,"file":"node:internal/modules/cjs/loader","function":"wrapModuleLoad","line":235,"method":null,"native":false},{"column":12,"file":"node:internal/modules/cjs/loader","function":"Module.require","line":1445,"method":"require","native":false},{"column":16,"file":"node:internal/modules/helpers","function":"require","line":135,"method":null,"native":false},{"column":19,"file":"c:\\Users\\DELL\\OneDrive\\Documents\\CAPSTONE PROJECT\\youthguard backend\\src\\config\\app.js","function":null,"line":26,"method":null,"native":false}]}
2025-10-15 03:22:49 [ERROR]: uncaughtException: Cannot read properties of undefined (reading 'bind')
TypeError: Cannot read properties of undefined (reading 'bind')
    at Object.<anonymous> (C:\Users\DELL\OneDrive\Documents\CAPSTONE PROJECT\youthguard backend\src\routes\api.js:151:115)
    at Module._compile (node:internal/modules/cjs/loader:1688:14)
    at Object..js (node:internal/modules/cjs/loader:1820:10)
    at Module.load (node:internal/modules/cjs/loader:1423:32)
    at Function._load (node:internal/modules/cjs/loader:1246:12)
    at TracingChannel.traceSync (node:diagnostics_channel:322:14)
    at wrapModuleLoad (node:internal/modules/cjs/loader:235:24)
    at Module.require (node:internal/modules/cjs/loader:1445:12)
    at require (node:internal/modules/helpers:135:16)
    at Object.<anonymous> (C:\Users\DELL\OneDrive\Documents\CAPSTONE PROJECT\youthguard backend\src\config\app.js:26:19) | Metadata: {"error":{},"stack":"TypeError: Cannot read properties of undefined (reading 'bind')\n    at Object.<anonymous> (C:\\Users\\DELL\\OneDrive\\Documents\\CAPSTONE PROJECT\\youthguard backend\\src\\routes\\api.js:151:115)\n    at Module._compile (node:internal/modules/cjs/loader:1688:14)\n    at Object..js (node:internal/modules/cjs/loader:1820:10)\n    at Module.load (node:internal/modules/cjs/loader:1423:32)\n    at Function._load (node:internal/modules/cjs/loader:1246:12)\n    at TracingChannel.traceSync (node:diagnostics_channel:322:14)\n    at wrapModuleLoad (node:internal/modules/cjs/loader:235:24)\n    at Module.require (node:internal/modules/cjs/loader:1445:12)\n    at require (node:internal/modules/helpers:135:16)\n    at Object.<anonymous> (C:\\Users\\DELL\\OneDrive\\Documents\\CAPSTONE PROJECT\\youthguard backend\\src\\config\\app.js:26:19)","exception":true,"date":"Wed Oct 15 2025 03:22:49 GMT+0100 (West Africa Standard Time)","process":{"pid":26508,"uid":null,"gid":null,"cwd":"C:\\Users\\DELL\\OneDrive\\Documents\\CAPSTONE PROJECT\\youthguard backend","execPath":"C:\\Program Files\\nodejs\\node.exe","version":"v22.18.0","argv":["C:\\Program Files\\nodejs\\node.exe","C:\\Users\\DELL\\OneDrive\\Documents\\CAPSTONE PROJECT\\youthguard backend\\src\\server.js"],"memoryUsage":{"rss":74813440,"heapTotal":57704448,"heapUsed":30250976,"external":20550977,"arrayBuffers":18264303}},"os":{"loadavg":[0,0,0],"uptime":136054.765},"trace":[{"column":115,"file":"C:\\Users\\DELL\\OneDrive\\Documents\\CAPSTONE PROJECT\\youthguard backend\\src\\routes\\api.js","function":null,"line":151,"method":null,"native":false},{"column":14,"file":"node:internal/modules/cjs/loader","function":"Module._compile","line":1688,"method":"_compile","native":false},{"column":10,"file":"node:internal/modules/cjs/loader","function":"Object..js","line":1820,"method":".js","native":false},{"column":32,"file":"node:internal/modules/cjs/loader","function":"Module.load","line":1423,"method":"load","native":false},{"column":12,"file":"node:internal/modules/cjs/loader","function":"Function._load","line":1246,"method":"_load","native":false},{"column":14,"file":"node:diagnostics_channel","function":"TracingChannel.traceSync","line":322,"method":"traceSync","native":false},{"column":24,"file":"node:internal/modules/cjs/loader","function":"wrapModuleLoad","line":235,"method":null,"native":false},{"column":12,"file":"node:internal/modules/cjs/loader","function":"Module.require","line":1445,"method":"require","native":false},{"column":16,"file":"node:internal/modules/helpers","function":"require","line":135,"method":null,"native":false},{"column":19,"file":"C:\\Users\\DELL\\OneDrive\\Documents\\CAPSTONE PROJECT\\youthguard backend\\src\\config\\app.js","function":null,"line":26,"method":null,"native":false}]}
2025-10-15 04:48:14 [ERROR]: uncaughtException: Missing parameter name at index 1: *; visit https://git.new/pathToRegexpError for info
TypeError: Missing parameter name at index 1: *; visit https://git.new/pathToRegexpError for info
    at name (c:\Users\DELL\OneDrive\Documents\CAPSTONE PROJECT\youthguard backend\node_modules\path-to-regexp\dist\index.js:96:19)
    at parse (c:\Users\DELL\OneDrive\Documents\CAPSTONE PROJECT\youthguard backend\node_modules\path-to-regexp\dist\index.js:113:68)
    at pathToRegexp (c:\Users\DELL\OneDrive\Documents\CAPSTONE PROJECT\youthguard backend\node_modules\path-to-regexp\dist\index.js:267:58)
    at Object.match (c:\Users\DELL\OneDrive\Documents\CAPSTONE PROJECT\youthguard backend\node_modules\path-to-regexp\dist\index.js:237:30)
    at matcher (c:\Users\DELL\OneDrive\Documents\CAPSTONE PROJECT\youthguard backend\node_modules\router\lib\layer.js:86:23)
    at new Layer (c:\Users\DELL\OneDrive\Documents\CAPSTONE PROJECT\youthguard backend\node_modules\router\lib\layer.js:93:62)
    at Function.use (c:\Users\DELL\OneDrive\Documents\CAPSTONE PROJECT\youthguard backend\node_modules\router\index.js:398:19)
    at Object.<anonymous> (c:\Users\DELL\OneDrive\Documents\CAPSTONE PROJECT\youthguard backend\src\routes\api.js:208:8)
    at Module._compile (node:internal/modules/cjs/loader:1688:14)
    at Object..js (node:internal/modules/cjs/loader:1820:10) | Metadata: {"error":{"originalPath":"*"},"stack":"TypeError: Missing parameter name at index 1: *; visit https://git.new/pathToRegexpError for info\n    at name (c:\\Users\\DELL\\OneDrive\\Documents\\CAPSTONE PROJECT\\youthguard backend\\node_modules\\path-to-regexp\\dist\\index.js:96:19)\n    at parse (c:\\Users\\DELL\\OneDrive\\Documents\\CAPSTONE PROJECT\\youthguard backend\\node_modules\\path-to-regexp\\dist\\index.js:113:68)\n    at pathToRegexp (c:\\Users\\DELL\\OneDrive\\Documents\\CAPSTONE PROJECT\\youthguard backend\\node_modules\\path-to-regexp\\dist\\index.js:267:58)\n    at Object.match (c:\\Users\\DELL\\OneDrive\\Documents\\CAPSTONE PROJECT\\youthguard backend\\node_modules\\path-to-regexp\\dist\\index.js:237:30)\n    at matcher (c:\\Users\\DELL\\OneDrive\\Documents\\CAPSTONE PROJECT\\youthguard backend\\node_modules\\router\\lib\\layer.js:86:23)\n    at new Layer (c:\\Users\\DELL\\OneDrive\\Documents\\CAPSTONE PROJECT\\youthguard backend\\node_modules\\router\\lib\\layer.js:93:62)\n    at Function.use (c:\\Users\\DELL\\OneDrive\\Documents\\CAPSTONE PROJECT\\youthguard backend\\node_modules\\router\\index.js:398:19)\n    at Object.<anonymous> (c:\\Users\\DELL\\OneDrive\\Documents\\CAPSTONE PROJECT\\youthguard backend\\src\\routes\\api.js:208:8)\n    at Module._compile (node:internal/modules/cjs/loader:1688:14)\n    at Object..js (node:internal/modules/cjs/loader:1820:10)","exception":true,"date":"Wed Oct 15 2025 04:48:14 GMT+0100 (West Africa Standard Time)","process":{"pid":14676,"uid":null,"gid":null,"cwd":"c:\\Users\\DELL\\OneDrive\\Documents\\CAPSTONE PROJECT\\youthguard backend","execPath":"C:\\Program Files\\nodejs\\node.exe","version":"v22.18.0","argv":["C:\\Program Files\\nodejs\\node.exe","c:\\Users\\DELL\\OneDrive\\Documents\\CAPSTONE PROJECT\\youthguard backend\\src\\server.js"],"memoryUsage":{"rss":82907136,"heapTotal":57966592,"heapUsed":31024040,"external":20675218,"arrayBuffers":18264479}},"os":{"loadavg":[0,0,0],"uptime":141179.671},"trace":[{"column":19,"file":"c:\\Users\\DELL\\OneDrive\\Documents\\CAPSTONE PROJECT\\youthguard backend\\node_modules\\path-to-regexp\\dist\\index.js","function":"name","line":96,"method":null,"native":false},{"column":68,"file":"c:\\Users\\DELL\\OneDrive\\Documents\\CAPSTONE PROJECT\\youthguard backend\\node_modules\\path-to-regexp\\dist\\index.js","function":"parse","line":113,"method":null,"native":false},{"column":58,"file":"c:\\Users\\DELL\\OneDrive\\Documents\\CAPSTONE PROJECT\\youthguard backend\\node_modules\\path-to-regexp\\dist\\index.js","function":"pathToRegexp","line":267,"method":null,"native":false},{"column":30,"file":"c:\\Users\\DELL\\OneDrive\\Documents\\CAPSTONE PROJECT\\youthguard backend\\node_modules\\path-to-regexp\\dist\\index.js","function":"Object.match","line":237,"method":"match","native":false},{"column":23,"file":"c:\\Users\\DELL\\OneDrive\\Documents\\CAPSTONE PROJECT\\youthguard backend\\node_modules\\router\\lib\\layer.js","function":"matcher","line":86,"method":null,"native":false},{"column":62,"file":"c:\\Users\\DELL\\OneDrive\\Documents\\CAPSTONE PROJECT\\youthguard backend\\node_modules\\router\\lib\\layer.js","function":"new Layer","line":93,"method":null,"native":false},{"column":19,"file":"c:\\Users\\DELL\\OneDrive\\Documents\\CAPSTONE PROJECT\\youthguard backend\\node_modules\\router\\index.js","function":"Function.use","line":398,"method":"use","native":false},{"column":8,"file":"c:\\Users\\DELL\\OneDrive\\Documents\\CAPSTONE PROJECT\\youthguard backend\\src\\routes\\api.js","function":null,"line":208,"method":null,"native":false},{"column":14,"file":"node:internal/modules/cjs/loader","function":"Module._compile","line":1688,"method":"_compile","native":false},{"column":10,"file":"node:internal/modules/cjs/loader","function":"Object..js","line":1820,"method":".js","native":false}]}
2025-10-15 04:51:17 [ERROR]: uncaughtException: Missing parameter name at index 1: *; visit https://git.new/pathToRegexpError for info
TypeError: Missing parameter name at index 1: *; visit https://git.new/pathToRegexpError for info
    at name (C:\Users\DELL\OneDrive\Documents\CAPSTONE PROJECT\youthguard backend\node_modules\path-to-regexp\dist\index.js:96:19)
    at parse (C:\Users\DELL\OneDrive\Documents\CAPSTONE PROJECT\youthguard backend\node_modules\path-to-regexp\dist\index.js:113:68)
    at pathToRegexp (C:\Users\DELL\OneDrive\Documents\CAPSTONE PROJECT\youthguard backend\node_modules\path-to-regexp\dist\index.js:267:58)
    at Object.match (C:\Users\DELL\OneDrive\Documents\CAPSTONE PROJECT\youthguard backend\node_modules\path-to-regexp\dist\index.js:237:30)
    at matcher (C:\Users\DELL\OneDrive\Documents\CAPSTONE PROJECT\youthguard backend\node_modules\router\lib\layer.js:86:23)
    at new Layer (C:\Users\DELL\OneDrive\Documents\CAPSTONE PROJECT\youthguard backend\node_modules\router\lib\layer.js:93:62)
    at Function.use (C:\Users\DELL\OneDrive\Documents\CAPSTONE PROJECT\youthguard backend\node_modules\router\index.js:398:19)
    at Object.<anonymous> (C:\Users\DELL\OneDrive\Documents\CAPSTONE PROJECT\youthguard backend\src\routes\api.js:208:8)
    at Module._compile (node:internal/modules/cjs/loader:1688:14)
    at Object..js (node:internal/modules/cjs/loader:1820:10) | Metadata: {"error":{"originalPath":"*"},"stack":"TypeError: Missing parameter name at index 1: *; visit https://git.new/pathToRegexpError for info\n    at name (C:\\Users\\DELL\\OneDrive\\Documents\\CAPSTONE PROJECT\\youthguard backend\\node_modules\\path-to-regexp\\dist\\index.js:96:19)\n    at parse (C:\\Users\\DELL\\OneDrive\\Documents\\CAPSTONE PROJECT\\youthguard backend\\node_modules\\path-to-regexp\\dist\\index.js:113:68)\n    at pathToRegexp (C:\\Users\\DELL\\OneDrive\\Documents\\CAPSTONE PROJECT\\youthguard backend\\node_modules\\path-to-regexp\\dist\\index.js:267:58)\n    at Object.match (C:\\Users\\DELL\\OneDrive\\Documents\\CAPSTONE PROJECT\\youthguard backend\\node_modules\\path-to-regexp\\dist\\index.js:237:30)\n    at matcher (C:\\Users\\DELL\\OneDrive\\Documents\\CAPSTONE PROJECT\\youthguard backend\\node_modules\\router\\lib\\layer.js:86:23)\n    at new Layer (C:\\Users\\DELL\\OneDrive\\Documents\\CAPSTONE PROJECT\\youthguard backend\\node_modules\\router\\lib\\layer.js:93:62)\n    at Function.use (C:\\Users\\DELL\\OneDrive\\Documents\\CAPSTONE PROJECT\\youthguard backend\\node_modules\\router\\index.js:398:19)\n    at Object.<anonymous> (C:\\Users\\DELL\\OneDrive\\Documents\\CAPSTONE PROJECT\\youthguard backend\\src\\routes\\api.js:208:8)\n    at Module._compile (node:internal/modules/cjs/loader:1688:14)\n    at Object..js (node:internal/modules/cjs/loader:1820:10)","exception":true,"date":"Wed Oct 15 2025 04:51:17 GMT+0100 (West Africa Standard Time)","process":{"pid":28916,"uid":null,"gid":null,"cwd":"C:\\Users\\DELL\\OneDrive\\Documents\\CAPSTONE PROJECT\\youthguard backend","execPath":"C:\\Program Files\\nodejs\\node.exe","version":"v22.18.0","argv":["C:\\Program Files\\nodejs\\node.exe","C:\\Users\\DELL\\OneDrive\\Documents\\CAPSTONE PROJECT\\youthguard backend\\src\\server.js"],"memoryUsage":{"rss":79990784,"heapTotal":57704448,"heapUsed":30865232,"external":20550977,"arrayBuffers":18264303}},"os":{"loadavg":[0,0,0],"uptime":141362.093},"trace":[{"column":19,"file":"C:\\Users\\DELL\\OneDrive\\Documents\\CAPSTONE PROJECT\\youthguard backend\\node_modules\\path-to-regexp\\dist\\index.js","function":"name","line":96,"method":null,"native":false},{"column":68,"file":"C:\\Users\\DELL\\OneDrive\\Documents\\CAPSTONE PROJECT\\youthguard backend\\node_modules\\path-to-regexp\\dist\\index.js","function":"parse","line":113,"method":null,"native":false},{"column":58,"file":"C:\\Users\\DELL\\OneDrive\\Documents\\CAPSTONE PROJECT\\youthguard backend\\node_modules\\path-to-regexp\\dist\\index.js","function":"pathToRegexp","line":267,"method":null,"native":false},{"column":30,"file":"C:\\Users\\DELL\\OneDrive\\Documents\\CAPSTONE PROJECT\\youthguard backend\\node_modules\\path-to-regexp\\dist\\index.js","function":"Object.match","line":237,"method":"match","native":false},{"column":23,"file":"C:\\Users\\DELL\\OneDrive\\Documents\\CAPSTONE PROJECT\\youthguard backend\\node_modules\\router\\lib\\layer.js","function":"matcher","line":86,"method":null,"native":false},{"column":62,"file":"C:\\Users\\DELL\\OneDrive\\Documents\\CAPSTONE PROJECT\\youthguard backend\\node_modules\\router\\lib\\layer.js","function":"new Layer","line":93,"method":null,"native":false},{"column":19,"file":"C:\\Users\\DELL\\OneDrive\\Documents\\CAPSTONE PROJECT\\youthguard backend\\node_modules\\router\\index.js","function":"Function.use","line":398,"method":"use","native":false},{"column":8,"file":"C:\\Users\\DELL\\OneDrive\\Documents\\CAPSTONE PROJECT\\youthguard backend\\src\\routes\\api.js","function":null,"line":208,"method":null,"native":false},{"column":14,"file":"node:internal/modules/cjs/loader","function":"Module._compile","line":1688,"method":"_compile","native":false},{"column":10,"file":"node:internal/modules/cjs/loader","function":"Object..js","line":1820,"method":".js","native":false}]}
2025-10-15 04:51:45 [ERROR]: uncaughtException: Missing parameter name at index 1: *; visit https://git.new/pathToRegexpError for info
TypeError: Missing parameter name at index 1: *; visit https://git.new/pathToRegexpError for info
    at name (C:\Users\DELL\OneDrive\Documents\CAPSTONE PROJECT\youthguard backend\node_modules\path-to-regexp\dist\index.js:96:19)
    at parse (C:\Users\DELL\OneDrive\Documents\CAPSTONE PROJECT\youthguard backend\node_modules\path-to-regexp\dist\index.js:113:68)
    at pathToRegexp (C:\Users\DELL\OneDrive\Documents\CAPSTONE PROJECT\youthguard backend\node_modules\path-to-regexp\dist\index.js:267:58)
    at Object.match (C:\Users\DELL\OneDrive\Documents\CAPSTONE PROJECT\youthguard backend\node_modules\path-to-regexp\dist\index.js:237:30)
    at matcher (C:\Users\DELL\OneDrive\Documents\CAPSTONE PROJECT\youthguard backend\node_modules\router\lib\layer.js:86:23)
    at new Layer (C:\Users\DELL\OneDrive\Documents\CAPSTONE PROJECT\youthguard backend\node_modules\router\lib\layer.js:93:62)
    at Function.use (C:\Users\DELL\OneDrive\Documents\CAPSTONE PROJECT\youthguard backend\node_modules\router\index.js:398:19)
    at Object.<anonymous> (C:\Users\DELL\OneDrive\Documents\CAPSTONE PROJECT\youthguard backend\src\routes\api.js:208:8)
    at Module._compile (node:internal/modules/cjs/loader:1688:14)
    at Object..js (node:internal/modules/cjs/loader:1820:10) | Metadata: {"error":{"originalPath":"*"},"stack":"TypeError: Missing parameter name at index 1: *; visit https://git.new/pathToRegexpError for info\n    at name (C:\\Users\\DELL\\OneDrive\\Documents\\CAPSTONE PROJECT\\youthguard backend\\node_modules\\path-to-regexp\\dist\\index.js:96:19)\n    at parse (C:\\Users\\DELL\\OneDrive\\Documents\\CAPSTONE PROJECT\\youthguard backend\\node_modules\\path-to-regexp\\dist\\index.js:113:68)\n    at pathToRegexp (C:\\Users\\DELL\\OneDrive\\Documents\\CAPSTONE PROJECT\\youthguard backend\\node_modules\\path-to-regexp\\dist\\index.js:267:58)\n    at Object.match (C:\\Users\\DELL\\OneDrive\\Documents\\CAPSTONE PROJECT\\youthguard backend\\node_modules\\path-to-regexp\\dist\\index.js:237:30)\n    at matcher (C:\\Users\\DELL\\OneDrive\\Documents\\CAPSTONE PROJECT\\youthguard backend\\node_modules\\router\\lib\\layer.js:86:23)\n    at new Layer (C:\\Users\\DELL\\OneDrive\\Documents\\CAPSTONE PROJECT\\youthguard backend\\node_modules\\router\\lib\\layer.js:93:62)\n    at Function.use (C:\\Users\\DELL\\OneDrive\\Documents\\CAPSTONE PROJECT\\youthguard backend\\node_modules\\router\\index.js:398:19)\n    at Object.<anonymous> (C:\\Users\\DELL\\OneDrive\\Documents\\CAPSTONE PROJECT\\youthguard backend\\src\\routes\\api.js:208:8)\n    at Module._compile (node:internal/modules/cjs/loader:1688:14)\n    at Object..js (node:internal/modules/cjs/loader:1820:10)","exception":true,"date":"Wed Oct 15 2025 04:51:45 GMT+0100 (West Africa Standard Time)","process":{"pid":34732,"uid":null,"gid":null,"cwd":"C:\\Users\\DELL\\OneDrive\\Documents\\CAPSTONE PROJECT\\youthguard backend","execPath":"C:\\Program Files\\nodejs\\node.exe","version":"v22.18.0","argv":["C:\\Program Files\\nodejs\\node.exe","C:\\Users\\DELL\\OneDrive\\Documents\\CAPSTONE PROJECT\\youthguard backend\\src\\server.js"],"memoryUsage":{"rss":79880192,"heapTotal":57704448,"heapUsed":30807960,"external":20550977,"arrayBuffers":18264303}},"os":{"loadavg":[0,0,0],"uptime":141390.062},"trace":[{"column":19,"file":"C:\\Users\\DELL\\OneDrive\\Documents\\CAPSTONE PROJECT\\youthguard backend\\node_modules\\path-to-regexp\\dist\\index.js","function":"name","line":96,"method":null,"native":false},{"column":68,"file":"C:\\Users\\DELL\\OneDrive\\Documents\\CAPSTONE PROJECT\\youthguard backend\\node_modules\\path-to-regexp\\dist\\index.js","function":"parse","line":113,"method":null,"native":false},{"column":58,"file":"C:\\Users\\DELL\\OneDrive\\Documents\\CAPSTONE PROJECT\\youthguard backend\\node_modules\\path-to-regexp\\dist\\index.js","function":"pathToRegexp","line":267,"method":null,"native":false},{"column":30,"file":"C:\\Users\\DELL\\OneDrive\\Documents\\CAPSTONE PROJECT\\youthguard backend\\node_modules\\path-to-regexp\\dist\\index.js","function":"Object.match","line":237,"method":"match","native":false},{"column":23,"file":"C:\\Users\\DELL\\OneDrive\\Documents\\CAPSTONE PROJECT\\youthguard backend\\node_modules\\router\\lib\\layer.js","function":"matcher","line":86,"method":null,"native":false},{"column":62,"file":"C:\\Users\\DELL\\OneDrive\\Documents\\CAPSTONE PROJECT\\youthguard backend\\node_modules\\router\\lib\\layer.js","function":"new Layer","line":93,"method":null,"native":false},{"column":19,"file":"C:\\Users\\DELL\\OneDrive\\Documents\\CAPSTONE PROJECT\\youthguard backend\\node_modules\\router\\index.js","function":"Function.use","line":398,"method":"use","native":false},{"column":8,"file":"C:\\Users\\DELL\\OneDrive\\Documents\\CAPSTONE PROJECT\\youthguard backend\\src\\routes\\api.js","function":null,"line":208,"method":null,"native":false},{"column":14,"file":"node:internal/modules/cjs/loader","function":"Module._compile","line":1688,"method":"_compile","native":false},{"column":10,"file":"node:internal/modules/cjs/loader","function":"Object..js","line":1820,"method":".js","native":false}]}
